<?xml version="1.0" encoding="UTF-8"?>
<testsuite name="ru.netology.service.CashbackHackServiceTest" tests="5" skipped="0" failures="0" errors="0" timestamp="2023-02-26T08:34:40" hostname="LAPTOP-LH5IK7A9" time="0.019">
  <properties/>
  <testcase name="test1" classname="ru.netology.service.CashbackHackServiceTest" time="0.018"/>
  <testcase name="test2" classname="ru.netology.service.CashbackHackServiceTest" time="0.0"/>
  <testcase name="test3" classname="ru.netology.service.CashbackHackServiceTest" time="0.0"/>
  <testcase name="test4" classname="ru.netology.service.CashbackHackServiceTest" time="0.0"/>
  <testcase name="test5" classname="ru.netology.service.CashbackHackServiceTest" time="0.0"/>
  <system-out><![CDATA[]]></system-out>
  <system-err><![CDATA[]]></system-err>
</testsuite>
